0 info it worked if it ends with ok
1 verbose cli [ 'C:\\Program Files\\nodejs\\node.exe',
1 verbose cli   'C:\\Program Files\\nodejs\\node_modules\\npm\\bin\\npm-cli.js',
1 verbose cli   'install',
1 verbose cli   '--save',
1 verbose cli   'schema-inspector' ]
2 info using npm@2.14.4
3 info using node@v4.1.2
4 verbose install initial load of D:\dev\csati\bella\package.json
5 warn package.json bella@0.0.1 No README data
6 verbose installManyTop reading scoped package data from D:\dev\csati\bella\node_modules\body-parser\package.json
7 verbose installManyTop reading scoped package data from D:\dev\csati\bella\node_modules\browserify\package.json
8 verbose installManyTop reading scoped package data from D:\dev\csati\bella\node_modules\cookie-parser\package.json
9 verbose installManyTop reading scoped package data from D:\dev\csati\bella\node_modules\express\package.json
10 verbose installManyTop reading scoped package data from D:\dev\csati\bella\node_modules\gulp\package.json
11 verbose installManyTop reading scoped package data from D:\dev\csati\bella\node_modules\gulp-jest\package.json
12 verbose installManyTop reading scoped package data from D:\dev\csati\bella\node_modules\gulp-streamify\package.json
13 verbose installManyTop reading scoped package data from D:\dev\csati\bella\node_modules\gulp-uglify\package.json
14 verbose installManyTop reading scoped package data from D:\dev\csati\bella\node_modules\jest-cli\package.json
15 verbose installManyTop reading scoped package data from D:\dev\csati\bella\node_modules\lodash\package.json
16 verbose installManyTop reading scoped package data from D:\dev\csati\bella\node_modules\path\package.json
17 verbose installManyTop reading scoped package data from D:\dev\csati\bella\node_modules\react\package.json
18 verbose installManyTop reading scoped package data from D:\dev\csati\bella\node_modules\react-router\package.json
19 verbose installManyTop reading scoped package data from D:\dev\csati\bella\node_modules\reactify\package.json
20 verbose installManyTop reading scoped package data from D:\dev\csati\bella\node_modules\streamify\package.json
21 verbose installManyTop reading scoped package data from D:\dev\csati\bella\node_modules\vinyl-source-stream\package.json
22 info package.json path@0.11.14 path is also the name of a node core module.
23 info package.json streamify@0.2.5 No license field.
24 info package.json jest-cli@0.3.0 license should be a valid SPDX license expression
25 info package.json gulp-streamify@0.0.5 No license field.
26 verbose readDependencies loading dependencies from D:\dev\csati\bella\package.json
27 silly cache add args [ 'schema-inspector', null ]
28 verbose cache add spec schema-inspector
29 silly cache add parsed spec Result {
29 silly cache add   raw: 'schema-inspector',
29 silly cache add   scope: null,
29 silly cache add   name: 'schema-inspector',
29 silly cache add   rawSpec: '',
29 silly cache add   spec: '*',
29 silly cache add   type: 'range' }
30 silly addNamed schema-inspector@*
31 verbose addNamed "*" is a valid semver range for schema-inspector
32 silly addNameRange { name: 'schema-inspector', range: '*', hasData: false }
33 silly mapToRegistry name schema-inspector
34 silly mapToRegistry using default registry
35 silly mapToRegistry registry https://registry.npmjs.org/
36 silly mapToRegistry uri https://registry.npmjs.org/schema-inspector
37 verbose addNameRange registry:https://registry.npmjs.org/schema-inspector not in flight; fetching
38 verbose request uri https://registry.npmjs.org/schema-inspector
39 verbose request no auth needed
40 info attempt registry request try #1 at 2:45:16 PM
41 verbose request id 95b6f3f3e2d129d9
42 http request GET https://registry.npmjs.org/schema-inspector
43 info retry will retry, error on last attempt: Error: connect ETIMEDOUT 23.235.47.162:443
44 info attempt registry request try #2 at 2:45:48 PM
45 http request GET https://registry.npmjs.org/schema-inspector
46 info retry will retry, error on last attempt: Error: connect ETIMEDOUT 23.235.47.162:443
47 info attempt registry request try #3 at 2:47:09 PM
48 http request GET https://registry.npmjs.org/schema-inspector
49 verbose stack Error: connect ETIMEDOUT 199.27.79.162:443
49 verbose stack     at Object.exports._errnoException (util.js:849:11)
49 verbose stack     at exports._exceptionWithHostPort (util.js:872:20)
49 verbose stack     at TCPConnectWrap.afterConnect [as oncomplete] (net.js:1060:14)
50 verbose cwd D:\dev\csati\bella
51 error Windows_NT 6.1.7601
52 error argv "C:\\Program Files\\nodejs\\node.exe" "C:\\Program Files\\nodejs\\node_modules\\npm\\bin\\npm-cli.js" "install" "--save" "schema-inspector"
53 error node v4.1.2
54 error npm  v2.14.4
55 error code ETIMEDOUT
56 error errno ETIMEDOUT
57 error syscall connect
58 error network connect ETIMEDOUT 199.27.79.162:443
58 error network This is most likely not a problem with npm itself
58 error network and is related to network connectivity.
58 error network In most cases you are behind a proxy or have bad network settings.
58 error network
58 error network If you are behind a proxy, please make sure that the
58 error network 'proxy' config is set properly.  See: 'npm help config'
59 verbose exit [ 1, true ]
